{"C:\\Programação\\ProjetosVSCode\\UnitTest\\Calculadora.js": {"path":"C:\\Programação\\ProjetosVSCode\\UnitTest\\Calculadora.js","statementMap":{"0":{"start":{"line":1,"column":19},"end":{"line":1,"column":35}},"1":{"start":{"line":4,"column":4},"end":{"line":13,"column":5}},"2":{"start":{"line":5,"column":8},"end":{"line":12,"column":9}},"3":{"start":{"line":6,"column":24},"end":{"line":6,"column":48}},"4":{"start":{"line":7,"column":12},"end":{"line":7,"column":25}},"5":{"start":{"line":9,"column":13},"end":{"line":12,"column":9}},"6":{"start":{"line":10,"column":24},"end":{"line":10,"column":48}},"7":{"start":{"line":11,"column":12},"end":{"line":11,"column":25}},"8":{"start":{"line":14,"column":4},"end":{"line":14,"column":17}},"9":{"start":{"line":17,"column":0},"end":{"line":17,"column":30}}},"fnMap":{"0":{"name":"CalcularKM","decl":{"start":{"line":3,"column":9},"end":{"line":3,"column":19}},"loc":{"start":{"line":3,"column":44},"end":{"line":15,"column":1}},"line":3}},"branchMap":{"0":{"loc":{"start":{"line":4,"column":4},"end":{"line":13,"column":5}},"type":"if","locations":[{"start":{"line":4,"column":4},"end":{"line":13,"column":5}},{"start":{},"end":{}}],"line":4},"1":{"loc":{"start":{"line":4,"column":7},"end":{"line":4,"column":49}},"type":"binary-expr","locations":[{"start":{"line":4,"column":7},"end":{"line":4,"column":34}},{"start":{"line":4,"column":38},"end":{"line":4,"column":49}}],"line":4},"2":{"loc":{"start":{"line":5,"column":8},"end":{"line":12,"column":9}},"type":"if","locations":[{"start":{"line":5,"column":8},"end":{"line":12,"column":9}},{"start":{"line":9,"column":13},"end":{"line":12,"column":9}}],"line":5},"3":{"loc":{"start":{"line":9,"column":13},"end":{"line":12,"column":9}},"type":"if","locations":[{"start":{"line":9,"column":13},"end":{"line":12,"column":9}},{"start":{},"end":{}}],"line":9}},"s":{"0":1,"1":5,"2":3,"3":1,"4":1,"5":2,"6":1,"7":1,"8":3,"9":1},"f":{"0":5},"b":{"0":[3,2],"1":[5,4],"2":[1,2],"3":[1,1]},"_coverageSchema":"1a1c01bbd47fc00a2c39e90264f33305004495a9","hash":"daa8b03b232c197ef11ea5fb6ca73261ca6c9422"}
}
